<?xml version="1.0" encoding="UTF-8"?>
<!-- Generated by org.testng.reporters.JUnitReportReporter -->
<testsuite skipped="0" hostname="ANDY" name="com.crm.testCases.TC01_LoginTest" tests="2" failures="0" timestamp="14 Jun 2020 08:48:50 GMT" time="5.915" errors="0">
  <testcase name="loginTestmenthod1" time="0.000" classname="com.crm.testCases.TC01_LoginTest"/>
  <testcase name="loginTest" time="5.915" classname="com.crm.testCases.TC01_LoginTest"/>
</testsuite> <!-- com.crm.testCases.TC01_LoginTest -->
